<?xml version="1.0" encoding="UTF-8"?>
<testng-results ignored="0" total="2" passed="2" failed="0" skipped="0">
  <reporter-output>
  </reporter-output>
  <suite started-at="2023-07-29T12:22:22 IST" name="Default suite" finished-at="2023-07-29T12:22:40 IST" duration-ms="18694">
    <groups>
    </groups>
    <test started-at="2023-07-29T12:22:22 IST" name="Default test" finished-at="2023-07-29T12:22:40 IST" duration-ms="18694">
      <class name="com.webmath.algebra.AlgebraPowers">
        <test-method is-config="true" signature="setUp()[pri:0, instance:com.webmath.algebra.AlgebraPowers@74d1dc36]" started-at="2023-07-29T12:22:22 IST" name="setUp" finished-at="2023-07-29T12:22:25 IST" duration-ms="3405" status="PASS">
          <reporter-output>
          </reporter-output>
        </test-method> <!-- setUp -->
        <test-method signature="squareRoots()[pri:1, instance:com.webmath.algebra.AlgebraPowers@74d1dc36]" started-at="2023-07-29T12:22:25 IST" name="squareRoots" finished-at="2023-07-29T12:22:32 IST" duration-ms="6582" status="PASS">
          <reporter-output>
          </reporter-output>
        </test-method> <!-- squareRoots -->
        <test-method is-config="true" signature="closeApp()[pri:0, instance:com.webmath.algebra.AlgebraPowers@74d1dc36]" started-at="2023-07-29T12:22:32 IST" name="closeApp" finished-at="2023-07-29T12:22:32 IST" duration-ms="299" status="PASS">
          <reporter-output>
          </reporter-output>
        </test-method> <!-- closeApp -->
        <test-method is-config="true" signature="setUp()[pri:0, instance:com.webmath.algebra.AlgebraPowers@74d1dc36]" started-at="2023-07-29T12:22:32 IST" name="setUp" finished-at="2023-07-29T12:22:34 IST" duration-ms="1614" status="PASS">
          <reporter-output>
          </reporter-output>
        </test-method> <!-- setUp -->
        <test-method signature="multiply()[pri:2, instance:com.webmath.algebra.AlgebraPowers@74d1dc36]" started-at="2023-07-29T12:22:34 IST" name="multiply" finished-at="2023-07-29T12:22:40 IST" duration-ms="6383" status="PASS">
          <reporter-output>
          </reporter-output>
        </test-method> <!-- multiply -->
        <test-method is-config="true" signature="closeApp()[pri:0, instance:com.webmath.algebra.AlgebraPowers@74d1dc36]" started-at="2023-07-29T12:22:40 IST" name="closeApp" finished-at="2023-07-29T12:22:40 IST" duration-ms="298" status="PASS">
          <reporter-output>
          </reporter-output>
        </test-method> <!-- closeApp -->
      </class> <!-- com.webmath.algebra.AlgebraPowers -->
    </test> <!-- Default test -->
  </suite> <!-- Default suite -->
</testng-results>
